Performing C++ SOURCE FILE Test COMPILER_HAS_DEPRECATED_ATTR failed with the following output:
Change Dir: C:/Projects/Tool/pmuc/pmuc/build/CMakeFiles/CMakeTmp

Run Build Command:"C:/Program Files (x86)/MSBuild/14.0/bin/MSBuild.exe" "cmTC_f5d62.vcxproj" "/p:Configuration=Debug" "/p:Platform=x64" "/p:VisualStudioVersion=14.0"
Microsoft (R) Build Engine version 14.0.25420.1
Copyright (C) Microsoft Corporation. All rights reserved.

Build started 11/12/2018 4:46:29 PM.
Project "C:\Projects\Tool\pmuc\pmuc\build\CMakeFiles\CMakeTmp\cmTC_f5d62.vcxproj" on node 1 (default targets).
PrepareForBuild:
  Creating directory "cmTC_f5d62.dir\Debug\".
  Creating directory "C:\Projects\Tool\pmuc\pmuc\build\CMakeFiles\CMakeTmp\Debug\".
  Creating directory "cmTC_f5d62.dir\Debug\cmTC_f5d62.tlog\".
InitializeBuildStatus:
  Creating "cmTC_f5d62.dir\Debug\cmTC_f5d62.tlog\unsuccessfulbuild" because "AlwaysCreate" was specified.
ClCompile:
  C:\Program Files (x86)\Microsoft Visual Studio 14.0\VC\bin\x86_amd64\CL.exe /c /Zi /W3 /WX- /Od /Ob0 /D WIN32 /D _WINDOWS /D COMPILER_HAS_DEPRECATED_ATTR /D "CMAKE_INTDIR=\"Debug\"" /D _MBCS /Gm- /EHsc /RTC1 /MDd /GS /fp:precise /Zc:wchar_t /Zc:forScope /Zc:inline /GR /Fo"cmTC_f5d62.dir\Debug\\" /Fd"cmTC_f5d62.dir\Debug\vc140.pdb" /Gd /TP /errorReport:queue C:\Projects\Tool\pmuc\pmuc\build\CMakeFiles\CMakeTmp\src.cxx
  Microsoft (R) C/C++ Optimizing Compiler Version 19.00.24215.1 for x64
  Copyright (C) Microsoft Corporation.  All rights reserved.
  
  cl /c /Zi /W3 /WX- /Od /Ob0 /D WIN32 /D _WINDOWS /D COMPILER_HAS_DEPRECATED_ATTR /D "CMAKE_INTDIR=\"Debug\"" /D _MBCS /Gm- /EHsc /RTC1 /MDd /GS /fp:precise /Zc:wchar_t /Zc:forScope /Zc:inline /GR /Fo"cmTC_f5d62.dir\Debug\\" /Fd"cmTC_f5d62.dir\Debug\vc140.pdb" /Gd /TP /errorReport:queue C:\Projects\Tool\pmuc\pmuc\build\CMakeFiles\CMakeTmp\src.cxx
  
  src.cxx
C:\Projects\Tool\pmuc\pmuc\build\CMakeFiles\CMakeTmp\src.cxx(1): error C2065: '__deprecated__': undeclared identifier [C:\Projects\Tool\pmuc\pmuc\build\CMakeFiles\CMakeTmp\cmTC_f5d62.vcxproj]
C:\Projects\Tool\pmuc\pmuc\build\CMakeFiles\CMakeTmp\src.cxx(1): error C4430: missing type specifier - int assumed. Note: C++ does not support default-int [C:\Projects\Tool\pmuc\pmuc\build\CMakeFiles\CMakeTmp\cmTC_f5d62.vcxproj]
C:\Projects\Tool\pmuc\pmuc\build\CMakeFiles\CMakeTmp\src.cxx(1): error C2448: '__attribute__': function-style initializer appears to be a function definition [C:\Projects\Tool\pmuc\pmuc\build\CMakeFiles\CMakeTmp\cmTC_f5d62.vcxproj]
Done Building Project "C:\Projects\Tool\pmuc\pmuc\build\CMakeFiles\CMakeTmp\cmTC_f5d62.vcxproj" (default targets) -- FAILED.

Build FAILED.

"C:\Projects\Tool\pmuc\pmuc\build\CMakeFiles\CMakeTmp\cmTC_f5d62.vcxproj" (default target) (1) ->
(ClCompile target) -> 
  C:\Projects\Tool\pmuc\pmuc\build\CMakeFiles\CMakeTmp\src.cxx(1): error C2065: '__deprecated__': undeclared identifier [C:\Projects\Tool\pmuc\pmuc\build\CMakeFiles\CMakeTmp\cmTC_f5d62.vcxproj]
  C:\Projects\Tool\pmuc\pmuc\build\CMakeFiles\CMakeTmp\src.cxx(1): error C4430: missing type specifier - int assumed. Note: C++ does not support default-int [C:\Projects\Tool\pmuc\pmuc\build\CMakeFiles\CMakeTmp\cmTC_f5d62.vcxproj]
  C:\Projects\Tool\pmuc\pmuc\build\CMakeFiles\CMakeTmp\src.cxx(1): error C2448: '__attribute__': function-style initializer appears to be a function definition [C:\Projects\Tool\pmuc\pmuc\build\CMakeFiles\CMakeTmp\cmTC_f5d62.vcxproj]

    0 Warning(s)
    3 Error(s)

Time Elapsed 00:00:00.51

Source file was:
__attribute__((__deprecated__)) int somefunc() { return 0; }
    int main() { return somefunc();}
